22.05.2021 23:06:05: [BE]First (192.168.31.57:2316) e6a3ca25f1cf4e8e0d4f7aa128ba41bb - #10 "S;
		};
		if (_id == 6) exitWith {
			player setVariable ["bankMoney", (player getVariable ["bankMoney", 0]) + (_param select 1)"
22.05.2021 23:06:05: [BE]First (192.168.31.57:2316) e6a3ca25f1cf4e8e0d4f7aa128ba41bb - #15 "S;
		};
		if (_id == 7) exitWith {
			player setVariable ["cashMoney", (player getVariable ["cashMoney", 0]) + (_param select 1)"
22.05.2021 23:06:05: [BE]First (192.168.31.57:2316) e6a3ca25f1cf4e8e0d4f7aa128ba41bb - #45 "'1' font='Bitstream' align='center'>www.epochmod.com</t>";

		hintSilent parseText _txt;
	}, 1, 0]];

	local _szqueue = [];
	VEo"
22.05.2021 23:06:10: [BE]First (192.168.31.57:2316) e6a3ca25f1cf4e8e0d4f7aa128ba41bb - #10 "S;
		};
		if (_id == 6) exitWith {
			player setVariable ["bankMoney", (player getVariable ["bankMoney", 0]) + (_param select 1)"
22.05.2021 23:06:10: [BE]First (192.168.31.57:2316) e6a3ca25f1cf4e8e0d4f7aa128ba41bb - #15 "S;
		};
		if (_id == 7) exitWith {
			player setVariable ["cashMoney", (player getVariable ["cashMoney", 0]) + (_param select 1)"
22.05.2021 23:06:10: [BE]First (192.168.31.57:2316) e6a3ca25f1cf4e8e0d4f7aa128ba41bb - #45 "'1' font='Bitstream' align='center'>www.epochmod.com</t>";

		hintSilent parseText _txt;
	}, 1, 0]];

	local _szqueue = [];
	VEo"
22.05.2021 23:06:10: [BE]First (192.168.31.57:2316) e6a3ca25f1cf4e8e0d4f7aa128ba41bb - #10 "jects 	= 	[""]; 					

ZSC_limitOnBank 	= 	true; 		
ZSC_maxBankMoney 	= 	500000; 	

ZSC_defaultStorageMultiplier 		= 	200; 		
ZS"
22.05.2021 23:06:10: [BE]First (192.168.31.57:2316) e6a3ca25f1cf4e8e0d4f7aa128ba41bb - #33 "		= 	10; 	

DZE_modularConfig = [];
















DZE_doorManagementAdmins 			= 	[]; 		
DZE_doorManagementMustBeClose 		= 	fal"
22.05.2021 23:06:10: [BE]First (192.168.31.57:2316) e6a3ca25f1cf4e8e0d4f7aa128ba41bb - #34 "e; 		
Z_AllowTakingMoneyFromVehicle 	= 	false; 		


DZE_PlotManagementAdmins 		= 	[]; 		
DZE_plotManagementMustBeClose 	= 	true;"
22.05.2021 23:06:10: [BE]First (192.168.31.57:2316) e6a3ca25f1cf4e8e0d4f7aa128ba41bb - #46 "gs 				= 	0; 			
DZE_ForceNameTagsInTrader 	= 	true; 		
DZE_HumanityTargetDistance 	= 	25; 		


dayz_maxGlobalZeds 		= 	1000; 		"
22.05.2021 23:06:10: [BE]First (192.168.31.57:2316) e6a3ca25f1cf4e8e0d4f7aa128ba41bb - #50 "cated) then
{
call compile preprocessFileLineNumbers "Traders_Menu.sqf";


execVM "\z\addons\dayz_code\system\antihack.sqf";

if"
22.05.2021 23:06:10: [BE]First (192.168.31.57:2316) e6a3ca25f1cf4e8e0d4f7aa128ba41bb - #76 ".2,
10, 
0, 
400, 
false, 
2 
];

setViewDistance 2500;	
setTerrainGrid 3.125;	

diag_log '[СЕРВЕР]: [МИССИЯ]: [Conf"
22.05.2021 23:06:10: [BE]First (192.168.31.57:2316) e6a3ca25f1cf4e8e0d4f7aa128ba41bb - #79 "0, 
3, 
.25, 
1, 
1, 
.2,
10, 
0, 
400, 
false, 
2 
];

setViewDistance 2500;	
setTerrainGrid 3.125;	

diag_log '[СЕРВЕР]:"
22.05.2021 23:06:10: [BE]First (192.168.31.57:2316) e6a3ca25f1cf4e8e0d4f7aa128ba41bb - #10 "S;
		};
		if (_id == 6) exitWith {
			player setVariable ["bankMoney", (player getVariable ["bankMoney", 0]) + (_param select 1)"
22.05.2021 23:06:10: [BE]First (192.168.31.57:2316) e6a3ca25f1cf4e8e0d4f7aa128ba41bb - #15 "S;
		};
		if (_id == 7) exitWith {
			player setVariable ["cashMoney", (player getVariable ["cashMoney", 0]) + (_param select 1)"
22.05.2021 23:06:10: [BE]First (192.168.31.57:2316) e6a3ca25f1cf4e8e0d4f7aa128ba41bb - #45 "'1' font='Bitstream' align='center'>www.epochmod.com</t>";

		hintSilent parseText _txt;
	}, 1, 0]];

	local _szqueue = [];
	VEo"
22.05.2021 23:06:10: [BE]First (192.168.31.57:2316) e6a3ca25f1cf4e8e0d4f7aa128ba41bb - #10 "jects 	= 	[""]; 					

ZSC_limitOnBank 	= 	true; 		
ZSC_maxBankMoney 	= 	500000; 	

ZSC_defaultStorageMultiplier 		= 	200; 		
ZS"
22.05.2021 23:06:10: [BE]First (192.168.31.57:2316) e6a3ca25f1cf4e8e0d4f7aa128ba41bb - #33 "		= 	10; 	

DZE_modularConfig = [];
















DZE_doorManagementAdmins 			= 	[]; 		
DZE_doorManagementMustBeClose 		= 	fal"
22.05.2021 23:06:10: [BE]First (192.168.31.57:2316) e6a3ca25f1cf4e8e0d4f7aa128ba41bb - #34 "e; 		
Z_AllowTakingMoneyFromVehicle 	= 	false; 		


DZE_PlotManagementAdmins 		= 	[]; 		
DZE_plotManagementMustBeClose 	= 	true;"
22.05.2021 23:06:10: [BE]First (192.168.31.57:2316) e6a3ca25f1cf4e8e0d4f7aa128ba41bb - #46 "gs 				= 	0; 			
DZE_ForceNameTagsInTrader 	= 	true; 		
DZE_HumanityTargetDistance 	= 	25; 		


dayz_maxGlobalZeds 		= 	1000; 		"
22.05.2021 23:06:10: [BE]First (192.168.31.57:2316) e6a3ca25f1cf4e8e0d4f7aa128ba41bb - #50 "cated) then
{
call compile preprocessFileLineNumbers "Traders_Menu.sqf";


execVM "\z\addons\dayz_code\system\antihack.sqf";

if"
22.05.2021 23:06:10: [BE]First (192.168.31.57:2316) e6a3ca25f1cf4e8e0d4f7aa128ba41bb - #76 ".2,
10, 
0, 
400, 
false, 
2 
];

setViewDistance 2500;	
setTerrainGrid 3.125;	

diag_log '[СЕРВЕР]: [МИССИЯ]: [Conf"
22.05.2021 23:06:10: [BE]First (192.168.31.57:2316) e6a3ca25f1cf4e8e0d4f7aa128ba41bb - #79 "0, 
3, 
.25, 
1, 
1, 
.2,
10, 
0, 
400, 
false, 
2 
];

setViewDistance 2500;	
setTerrainGrid 3.125;	

diag_log '[СЕРВЕР]:"
22.05.2021 23:06:10: [BE]First (192.168.31.57:2316) e6a3ca25f1cf4e8e0d4f7aa128ba41bb - #10 "S;
		};
		if (_id == 6) exitWith {
			player setVariable ["bankMoney", (player getVariable ["bankMoney", 0]) + (_param select 1)"
22.05.2021 23:06:10: [BE]First (192.168.31.57:2316) e6a3ca25f1cf4e8e0d4f7aa128ba41bb - #15 "S;
		};
		if (_id == 7) exitWith {
			player setVariable ["cashMoney", (player getVariable ["cashMoney", 0]) + (_param select 1)"
22.05.2021 23:06:10: [BE]First (192.168.31.57:2316) e6a3ca25f1cf4e8e0d4f7aa128ba41bb - #45 "'1' font='Bitstream' align='center'>www.epochmod.com</t>";

		hintSilent parseText _txt;
	}, 1, 0]];

	local _szqueue = [];
	VEo"
22.05.2021 23:06:11: [BE]First (192.168.31.57:2316) e6a3ca25f1cf4e8e0d4f7aa128ba41bb - #10 "S;
		};
		if (_id == 6) exitWith {
			player setVariable ["bankMoney", (player getVariable ["bankMoney", 0]) + (_param select 1)"
22.05.2021 23:06:11: [BE]First (192.168.31.57:2316) e6a3ca25f1cf4e8e0d4f7aa128ba41bb - #15 "S;
		};
		if (_id == 7) exitWith {
			player setVariable ["cashMoney", (player getVariable ["cashMoney", 0]) + (_param select 1)"
22.05.2021 23:06:11: [BE]First (192.168.31.57:2316) e6a3ca25f1cf4e8e0d4f7aa128ba41bb - #45 "'1' font='Bitstream' align='center'>www.epochmod.com</t>";

		hintSilent parseText _txt;
	}, 1, 0]];

	local _szqueue = [];
	VEo"
22.05.2021 23:06:11: [BE]First (192.168.31.57:2316) e6a3ca25f1cf4e8e0d4f7aa128ba41bb - #10 "S;
		};
		if (_id == 6) exitWith {
			player setVariable ["bankMoney", (player getVariable ["bankMoney", 0]) + (_param select 1)"
22.05.2021 23:06:11: [BE]First (192.168.31.57:2316) e6a3ca25f1cf4e8e0d4f7aa128ba41bb - #15 "S;
		};
		if (_id == 7) exitWith {
			player setVariable ["cashMoney", (player getVariable ["cashMoney", 0]) + (_param select 1)"
22.05.2021 23:06:11: [BE]First (192.168.31.57:2316) e6a3ca25f1cf4e8e0d4f7aa128ba41bb - #45 "'1' font='Bitstream' align='center'>www.epochmod.com</t>";

		hintSilent parseText _txt;
	}, 1, 0]];

	local _szqueue = [];
	VEo"
22.05.2021 23:06:11: [BE]First (192.168.31.57:2316) e6a3ca25f1cf4e8e0d4f7aa128ba41bb - #10 "S;
		};
		if (_id == 6) exitWith {
			player setVariable ["bankMoney", (player getVariable ["bankMoney", 0]) + (_param select 1)"
22.05.2021 23:06:11: [BE]First (192.168.31.57:2316) e6a3ca25f1cf4e8e0d4f7aa128ba41bb - #15 "S;
		};
		if (_id == 7) exitWith {
			player setVariable ["cashMoney", (player getVariable ["cashMoney", 0]) + (_param select 1)"
22.05.2021 23:06:11: [BE]First (192.168.31.57:2316) e6a3ca25f1cf4e8e0d4f7aa128ba41bb - #45 "'1' font='Bitstream' align='center'>www.epochmod.com</t>";

		hintSilent parseText _txt;
	}, 1, 0]];

	local _szqueue = [];
	VEo"
22.05.2021 23:06:11: [BE]First (192.168.31.57:2316) e6a3ca25f1cf4e8e0d4f7aa128ba41bb - #10 "jects 	= 	[""]; 					

ZSC_limitOnBank 	= 	true; 		
ZSC_maxBankMoney 	= 	500000; 	

ZSC_defaultStorageMultiplier 		= 	200; 		
ZS"
22.05.2021 23:06:11: [BE]First (192.168.31.57:2316) e6a3ca25f1cf4e8e0d4f7aa128ba41bb - #33 "		= 	10; 	

DZE_modularConfig = [];
















DZE_doorManagementAdmins 			= 	[]; 		
DZE_doorManagementMustBeClose 		= 	fal"
22.05.2021 23:06:11: [BE]First (192.168.31.57:2316) e6a3ca25f1cf4e8e0d4f7aa128ba41bb - #34 "e; 		
Z_AllowTakingMoneyFromVehicle 	= 	false; 		


DZE_PlotManagementAdmins 		= 	[]; 		
DZE_plotManagementMustBeClose 	= 	true;"
22.05.2021 23:06:11: [BE]First (192.168.31.57:2316) e6a3ca25f1cf4e8e0d4f7aa128ba41bb - #46 "gs 				= 	0; 			
DZE_ForceNameTagsInTrader 	= 	true; 		
DZE_HumanityTargetDistance 	= 	25; 		


dayz_maxGlobalZeds 		= 	1000; 		"
22.05.2021 23:06:11: [BE]First (192.168.31.57:2316) e6a3ca25f1cf4e8e0d4f7aa128ba41bb - #50 "cated) then
{
call compile preprocessFileLineNumbers "Traders_Menu.sqf";


execVM "\z\addons\dayz_code\system\antihack.sqf";

if"
22.05.2021 23:06:11: [BE]First (192.168.31.57:2316) e6a3ca25f1cf4e8e0d4f7aa128ba41bb - #76 ".2,
10, 
0, 
400, 
false, 
2 
];

setViewDistance 2500;	
setTerrainGrid 3.125;	

diag_log '[СЕРВЕР]: [МИССИЯ]: [Conf"
22.05.2021 23:06:11: [BE]First (192.168.31.57:2316) e6a3ca25f1cf4e8e0d4f7aa128ba41bb - #79 "0, 
3, 
.25, 
1, 
1, 
.2,
10, 
0, 
400, 
false, 
2 
];

setViewDistance 2500;	
setTerrainGrid 3.125;	

diag_log '[СЕРВЕР]:"
22.05.2021 23:06:11: [BE]First (192.168.31.57:2316) e6a3ca25f1cf4e8e0d4f7aa128ba41bb - #20 "alizing %1 version %2.","DZAI Client Addon","1.0.0"];

call compile preprocessFileLineNumbers "DZAI_Client\dzai_client_config.sq"
22.05.2021 23:06:11: [BE]First (192.168.31.57:2316) e6a3ca25f1cf4e8e0d4f7aa128ba41bb - #29 "e;
_nul = (_this select 1) spawn {
for "_i" from 1 to 2 do {cutText [_this, "PLAIN DOWN"];sleep 0.5;};
DZAI_noRadio = nil;
};
};"
22.05.2021 23:06:11: [BE]First (192.168.31.57:2316) e6a3ca25f1cf4e8e0d4f7aa128ba41bb - #82 "licVariableEventHandler {
if (isNil "DZAI_noRadio") then {
systemChat (_this select 1);
DZAI_noRadio = true;
_nul = (_this selec"
22.05.2021 23:06:13: [BE]First (192.168.31.57:2316) e6a3ca25f1cf4e8e0d4f7aa128ba41bb - #10 "S;
		};
		if (_id == 6) exitWith {
			player setVariable ["bankMoney", (player getVariable ["bankMoney", 0]) + (_param select 1)"
22.05.2021 23:06:13: [BE]First (192.168.31.57:2316) e6a3ca25f1cf4e8e0d4f7aa128ba41bb - #15 "S;
		};
		if (_id == 7) exitWith {
			player setVariable ["cashMoney", (player getVariable ["cashMoney", 0]) + (_param select 1)"
22.05.2021 23:06:13: [BE]First (192.168.31.57:2316) e6a3ca25f1cf4e8e0d4f7aa128ba41bb - #45 "'1' font='Bitstream' align='center'>www.epochmod.com</t>";

		hintSilent parseText _txt;
	}, 1, 0]];

	local _szqueue = [];
	VEo"
22.05.2021 23:06:13: [BE]First (192.168.31.57:2316) e6a3ca25f1cf4e8e0d4f7aa128ba41bb - #10 "jects 	= 	[""]; 					

ZSC_limitOnBank 	= 	true; 		
ZSC_maxBankMoney 	= 	500000; 	

ZSC_defaultStorageMultiplier 		= 	200; 		
ZS"
22.05.2021 23:06:13: [BE]First (192.168.31.57:2316) e6a3ca25f1cf4e8e0d4f7aa128ba41bb - #33 "		= 	10; 	

DZE_modularConfig = [];
















DZE_doorManagementAdmins 			= 	[]; 		
DZE_doorManagementMustBeClose 		= 	fal"
22.05.2021 23:06:13: [BE]First (192.168.31.57:2316) e6a3ca25f1cf4e8e0d4f7aa128ba41bb - #34 "e; 		
Z_AllowTakingMoneyFromVehicle 	= 	false; 		


DZE_PlotManagementAdmins 		= 	[]; 		
DZE_plotManagementMustBeClose 	= 	true;"
22.05.2021 23:06:13: [BE]First (192.168.31.57:2316) e6a3ca25f1cf4e8e0d4f7aa128ba41bb - #46 "gs 				= 	0; 			
DZE_ForceNameTagsInTrader 	= 	true; 		
DZE_HumanityTargetDistance 	= 	25; 		


dayz_maxGlobalZeds 		= 	1000; 		"
22.05.2021 23:06:13: [BE]First (192.168.31.57:2316) e6a3ca25f1cf4e8e0d4f7aa128ba41bb - #50 "cated) then
{
call compile preprocessFileLineNumbers "Traders_Menu.sqf";


execVM "\z\addons\dayz_code\system\antihack.sqf";

if"
22.05.2021 23:06:13: [BE]First (192.168.31.57:2316) e6a3ca25f1cf4e8e0d4f7aa128ba41bb - #76 ".2,
10, 
0, 
400, 
false, 
2 
];

setViewDistance 2500;	
setTerrainGrid 3.125;	

diag_log '[СЕРВЕР]: [МИССИЯ]: [Conf"
22.05.2021 23:06:13: [BE]First (192.168.31.57:2316) e6a3ca25f1cf4e8e0d4f7aa128ba41bb - #79 "0, 
3, 
.25, 
1, 
1, 
.2,
10, 
0, 
400, 
false, 
2 
];

setViewDistance 2500;	
setTerrainGrid 3.125;	

diag_log '[СЕРВЕР]:"
22.05.2021 23:06:19: [BE]First (192.168.31.57:2316) e6a3ca25f1cf4e8e0d4f7aa128ba41bb - #10 "S;
		};
		if (_id == 6) exitWith {
			player setVariable ["bankMoney", (player getVariable ["bankMoney", 0]) + (_param select 1)"
22.05.2021 23:06:19: [BE]First (192.168.31.57:2316) e6a3ca25f1cf4e8e0d4f7aa128ba41bb - #15 "S;
		};
		if (_id == 7) exitWith {
			player setVariable ["cashMoney", (player getVariable ["cashMoney", 0]) + (_param select 1)"
22.05.2021 23:06:19: [BE]First (192.168.31.57:2316) e6a3ca25f1cf4e8e0d4f7aa128ba41bb - #45 "'1' font='Bitstream' align='center'>www.epochmod.com</t>";

		hintSilent parseText _txt;
	}, 1, 0]];

	local _szqueue = [];
	VEo"
22.05.2021 23:06:19: [BE]First (192.168.31.57:2316) e6a3ca25f1cf4e8e0d4f7aa128ba41bb - #10 "jects 	= 	[""]; 					

ZSC_limitOnBank 	= 	true; 		
ZSC_maxBankMoney 	= 	500000; 	

ZSC_defaultStorageMultiplier 		= 	200; 		
ZS"
22.05.2021 23:06:19: [BE]First (192.168.31.57:2316) e6a3ca25f1cf4e8e0d4f7aa128ba41bb - #33 "		= 	10; 	

DZE_modularConfig = [];
















DZE_doorManagementAdmins 			= 	[]; 		
DZE_doorManagementMustBeClose 		= 	fal"
22.05.2021 23:06:19: [BE]First (192.168.31.57:2316) e6a3ca25f1cf4e8e0d4f7aa128ba41bb - #34 "e; 		
Z_AllowTakingMoneyFromVehicle 	= 	false; 		


DZE_PlotManagementAdmins 		= 	[]; 		
DZE_plotManagementMustBeClose 	= 	true;"
22.05.2021 23:06:19: [BE]First (192.168.31.57:2316) e6a3ca25f1cf4e8e0d4f7aa128ba41bb - #46 "gs 				= 	0; 			
DZE_ForceNameTagsInTrader 	= 	true; 		
DZE_HumanityTargetDistance 	= 	25; 		


dayz_maxGlobalZeds 		= 	1000; 		"
22.05.2021 23:06:19: [BE]First (192.168.31.57:2316) e6a3ca25f1cf4e8e0d4f7aa128ba41bb - #50 "cated) then
{
call compile preprocessFileLineNumbers "Traders_Menu.sqf";


execVM "\z\addons\dayz_code\system\antihack.sqf";

if"
22.05.2021 23:06:19: [BE]First (192.168.31.57:2316) e6a3ca25f1cf4e8e0d4f7aa128ba41bb - #76 ".2,
10, 
0, 
400, 
false, 
2 
];

setViewDistance 2500;	
setTerrainGrid 3.125;	

diag_log '[СЕРВЕР]: [МИССИЯ]: [Conf"
22.05.2021 23:06:19: [BE]First (192.168.31.57:2316) e6a3ca25f1cf4e8e0d4f7aa128ba41bb - #79 "0, 
3, 
.25, 
1, 
1, 
.2,
10, 
0, 
400, 
false, 
2 
];

setViewDistance 2500;	
setTerrainGrid 3.125;	

diag_log '[СЕРВЕР]:"
22.05.2021 23:06:19: [BE]First (192.168.31.57:2316) e6a3ca25f1cf4e8e0d4f7aa128ba41bb - #10 "S;
		};
		if (_id == 6) exitWith {
			player setVariable ["bankMoney", (player getVariable ["bankMoney", 0]) + (_param select 1)"
22.05.2021 23:06:19: [BE]First (192.168.31.57:2316) e6a3ca25f1cf4e8e0d4f7aa128ba41bb - #15 "S;
		};
		if (_id == 7) exitWith {
			player setVariable ["cashMoney", (player getVariable ["cashMoney", 0]) + (_param select 1)"
22.05.2021 23:06:19: [BE]First (192.168.31.57:2316) e6a3ca25f1cf4e8e0d4f7aa128ba41bb - #45 "'1' font='Bitstream' align='center'>www.epochmod.com</t>";

		hintSilent parseText _txt;
	}, 1, 0]];

	local _szqueue = [];
	VEo"
22.05.2021 23:06:19: [BE]First (192.168.31.57:2316) e6a3ca25f1cf4e8e0d4f7aa128ba41bb - #10 "jects 	= 	[""]; 					

ZSC_limitOnBank 	= 	true; 		
ZSC_maxBankMoney 	= 	500000; 	

ZSC_defaultStorageMultiplier 		= 	200; 		
ZS"
22.05.2021 23:06:19: [BE]First (192.168.31.57:2316) e6a3ca25f1cf4e8e0d4f7aa128ba41bb - #33 "		= 	10; 	

DZE_modularConfig = [];
















DZE_doorManagementAdmins 			= 	[]; 		
DZE_doorManagementMustBeClose 		= 	fal"
22.05.2021 23:06:19: [BE]First (192.168.31.57:2316) e6a3ca25f1cf4e8e0d4f7aa128ba41bb - #34 "e; 		
Z_AllowTakingMoneyFromVehicle 	= 	false; 		


DZE_PlotManagementAdmins 		= 	[]; 		
DZE_plotManagementMustBeClose 	= 	true;"
22.05.2021 23:06:19: [BE]First (192.168.31.57:2316) e6a3ca25f1cf4e8e0d4f7aa128ba41bb - #46 "gs 				= 	0; 			
DZE_ForceNameTagsInTrader 	= 	true; 		
DZE_HumanityTargetDistance 	= 	25; 		


dayz_maxGlobalZeds 		= 	1000; 		"
22.05.2021 23:06:19: [BE]First (192.168.31.57:2316) e6a3ca25f1cf4e8e0d4f7aa128ba41bb - #50 "cated) then
{
call compile preprocessFileLineNumbers "Traders_Menu.sqf";


execVM "\z\addons\dayz_code\system\antihack.sqf";

if"
22.05.2021 23:06:19: [BE]First (192.168.31.57:2316) e6a3ca25f1cf4e8e0d4f7aa128ba41bb - #76 ".2,
10, 
0, 
400, 
false, 
2 
];

setViewDistance 2500;	
setTerrainGrid 3.125;	

diag_log '[СЕРВЕР]: [МИССИЯ]: [Conf"
22.05.2021 23:06:19: [BE]First (192.168.31.57:2316) e6a3ca25f1cf4e8e0d4f7aa128ba41bb - #79 "0, 
3, 
.25, 
1, 
1, 
.2,
10, 
0, 
400, 
false, 
2 
];

setViewDistance 2500;	
setTerrainGrid 3.125;	

diag_log '[СЕРВЕР]:"
22.05.2021 23:06:25: [BE]First (192.168.31.57:2316) e6a3ca25f1cf4e8e0d4f7aa128ba41bb - #10 "S;
		};
		if (_id == 6) exitWith {
			player setVariable ["bankMoney", (player getVariable ["bankMoney", 0]) + (_param select 1)"
22.05.2021 23:06:25: [BE]First (192.168.31.57:2316) e6a3ca25f1cf4e8e0d4f7aa128ba41bb - #15 "S;
		};
		if (_id == 7) exitWith {
			player setVariable ["cashMoney", (player getVariable ["cashMoney", 0]) + (_param select 1)"
22.05.2021 23:06:25: [BE]First (192.168.31.57:2316) e6a3ca25f1cf4e8e0d4f7aa128ba41bb - #45 "'1' font='Bitstream' align='center'>www.epochmod.com</t>";

		hintSilent parseText _txt;
	}, 1, 0]];

	local _szqueue = [];
	VEo"
22.05.2021 23:06:26: [BE]First (192.168.31.57:2316) e6a3ca25f1cf4e8e0d4f7aa128ba41bb - #10 "S;
		};
		if (_id == 6) exitWith {
			player setVariable ["bankMoney", (player getVariable ["bankMoney", 0]) + (_param select 1)"
22.05.2021 23:06:26: [BE]First (192.168.31.57:2316) e6a3ca25f1cf4e8e0d4f7aa128ba41bb - #15 "S;
		};
		if (_id == 7) exitWith {
			player setVariable ["cashMoney", (player getVariable ["cashMoney", 0]) + (_param select 1)"
22.05.2021 23:06:26: [BE]First (192.168.31.57:2316) e6a3ca25f1cf4e8e0d4f7aa128ba41bb - #45 "'1' font='Bitstream' align='center'>www.epochmod.com</t>";

		hintSilent parseText _txt;
	}, 1, 0]];

	local _szqueue = [];
	VEo"
22.05.2021 23:06:30: [BE]First (192.168.31.57:2316) e6a3ca25f1cf4e8e0d4f7aa128ba41bb - #10 "S;
		};
		if (_id == 6) exitWith {
			player setVariable ["bankMoney", (player getVariable ["bankMoney", 0]) + (_param select 1)"
22.05.2021 23:06:30: [BE]First (192.168.31.57:2316) e6a3ca25f1cf4e8e0d4f7aa128ba41bb - #15 "S;
		};
		if (_id == 7) exitWith {
			player setVariable ["cashMoney", (player getVariable ["cashMoney", 0]) + (_param select 1)"
22.05.2021 23:06:30: [BE]First (192.168.31.57:2316) e6a3ca25f1cf4e8e0d4f7aa128ba41bb - #45 "'1' font='Bitstream' align='center'>www.epochmod.com</t>";

		hintSilent parseText _txt;
	}, 1, 0]];

	local _szqueue = [];
	VEo"
22.05.2021 23:06:34: [BE]First (192.168.31.57:2316) e6a3ca25f1cf4e8e0d4f7aa128ba41bb - #10 "S;
		};
		if (_id == 6) exitWith {
			player setVariable ["bankMoney", (player getVariable ["bankMoney", 0]) + (_param select 1)"
22.05.2021 23:06:34: [BE]First (192.168.31.57:2316) e6a3ca25f1cf4e8e0d4f7aa128ba41bb - #15 "S;
		};
		if (_id == 7) exitWith {
			player setVariable ["cashMoney", (player getVariable ["cashMoney", 0]) + (_param select 1)"
22.05.2021 23:06:34: [BE]First (192.168.31.57:2316) e6a3ca25f1cf4e8e0d4f7aa128ba41bb - #45 "'1' font='Bitstream' align='center'>www.epochmod.com</t>";

		hintSilent parseText _txt;
	}, 1, 0]];

	local _szqueue = [];
	VEo"
22.05.2021 23:06:46: [BE]First (192.168.31.57:2316) e6a3ca25f1cf4e8e0d4f7aa128ba41bb - #10 "S;
		};
		if (_id == 6) exitWith {
			player setVariable ["bankMoney", (player getVariable ["bankMoney", 0]) + (_param select 1)"
22.05.2021 23:06:46: [BE]First (192.168.31.57:2316) e6a3ca25f1cf4e8e0d4f7aa128ba41bb - #15 "S;
		};
		if (_id == 7) exitWith {
			player setVariable ["cashMoney", (player getVariable ["cashMoney", 0]) + (_param select 1)"
22.05.2021 23:06:46: [BE]First (192.168.31.57:2316) e6a3ca25f1cf4e8e0d4f7aa128ba41bb - #45 "'1' font='Bitstream' align='center'>www.epochmod.com</t>";

		hintSilent parseText _txt;
	}, 1, 0]];

	local _szqueue = [];
	VEo"
22.05.2021 23:07:05: [BE]First (192.168.31.57:2316) e6a3ca25f1cf4e8e0d4f7aa128ba41bb - #10 "S;
		};
		if (_id == 6) exitWith {
			player setVariable ["bankMoney", (player getVariable ["bankMoney", 0]) + (_param select 1)"
22.05.2021 23:07:05: [BE]First (192.168.31.57:2316) e6a3ca25f1cf4e8e0d4f7aa128ba41bb - #15 "S;
		};
		if (_id == 7) exitWith {
			player setVariable ["cashMoney", (player getVariable ["cashMoney", 0]) + (_param select 1)"
22.05.2021 23:07:05: [BE]First (192.168.31.57:2316) e6a3ca25f1cf4e8e0d4f7aa128ba41bb - #45 "'1' font='Bitstream' align='center'>www.epochmod.com</t>";

		hintSilent parseText _txt;
	}, 1, 0]];

	local _szqueue = [];
	VEo"
22.05.2021 23:16:20: [BE]First (192.168.31.57:2316) e6a3ca25f1cf4e8e0d4f7aa128ba41bb - #10 "1;
		};
		if (_id == 6) exitWith {
			player setVariable ["bankMoney", (player getVariable ["bankMoney", 0]) + (_param select 1)"
